Arguments: 
  /usr/bin/node /home/lars/.yarn/bin/yarn.js init

PATH: 
  /home/lars/google-cloud-sdk/bin:/home/linuxbrew/.linuxbrew/bin:/home/lars/.yarn/bin:/home/lars/.config/yarn/global/node_modules/.bin:/usr/local/heroku/bin:/home/lars/bin:/home/lars/.local/bin:/usr/local/sbin:/usr/local/bin:/usr/sbin:/usr/bin:/sbin:/bin:/usr/games:/usr/local/games:/snap/bin:/usr/lib/jvm/java-8-oracle/bin:/usr/lib/jvm/java-8-oracle/db/bin:/usr/lib/jvm/java-8-oracle/jre/bin:/home/lars/.rvm/gems/ruby-1.9.3-p448/bin:/home/lars/.rvm/gems/ruby-1.9.3-p448@global/bin:/home/lars/.rvm/rubies/ruby-1.9.3-p448/bin:/home/lars/.rvm/bin:/home/lars/bin:/usr/local/sbin:/usr/local/bin:/usr/sbin:/usr/bin:/sbin:/bin:/usr/games:/usr/local/games:/home/lars/.rvm/bin:/home/lars/.rvm/bin:/home/lars/.rvm/bin:/home/lars/gocode/bin:/usr/local/go/bin:/home/lars/android-studio/bin:/home/lars/google-cloud-sdk/bin:/home/lars/flutter/bin:/home/lars/Android/Sdk/tools:/home/lars/Android/Sdk/platform-tools:/usr/lib/dart/bin:/home/lars/.rvm/bin:/srv/spark/bin:/bin:/usr/lib/jvm/default-java/bin

Yarn version: 
  1.17.3

Node version: 
  8.11.3

Platform: 
  linux x64

Trace: 
  Error: canceled
      at Interface.<anonymous> (/home/lars/.yarn/lib/cli.js:136724:13)
      at emitNone (events.js:106:13)
      at Interface.emit (events.js:208:7)
      at Interface._ttyWrite (readline.js:774:16)
      at ReadStream.onkeypress (readline.js:158:10)
      at emitTwo (events.js:126:13)
      at ReadStream.emit (events.js:214:7)
      at emitKeys (internal/readline.js:420:14)
      at emitKeys.next (<anonymous>)
      at ReadStream.onData (readline.js:1010:36)

npm manifest: 
  No manifest

yarn manifest: 
  No manifest

Lockfile: 
  # THIS IS AN AUTOGENERATED FILE. DO NOT EDIT THIS FILE DIRECTLY.
  # yarn lockfile v1
